<?xml version="1.0" encoding="UTF-8"?>
<!-- Generated by org.testng.reporters.JUnitXMLReporter -->
<testsuite ignored="0" hostname="QT-INNO-LT1579" failures="0" tests="7" name="Submit Order Test" time="91.195" errors="0" timestamp="2023-03-22T16:38:52 IST">
  <testcase classname="E_Com.Tests.SubmitOrderTest" name="submitOrder" time="3.597"/>
  <testcase classname="E_Com.Tests.SubmitOrderTest" name="submitOrder" time="19.73"/>
  <testcase classname="E_Com.Tests.SubmitOrderTest" name="submitOrderNew" time="19.927"/>
  <testcase classname="E_Com.Tests.SubmitOrderTest" name="submitOrderNew" time="4.01"/>
  <testcase classname="E_Com.Tests.SubmitOrderTest" name="submitOrderWithJsonData" time="19.623"/>
  <testcase classname="E_Com.Tests.SubmitOrderTest" name="submitOrderWithJsonData" time="3.849"/>
  <testcase classname="E_Com.Tests.SubmitOrderTest" name="orderHistoryTest" time="0.595"/>
</testsuite> <!-- Submit Order Test -->
