<?xml version="1.0" encoding="UTF-8"?>
<!-- Generated by org.testng.reporters.JUnitXMLReporter -->
<testsuite ignored="1" hostname="QT-INNO-LT1579" failures="0" tests="1" name="Error Validation Test" time="4.659" errors="0" timestamp="2023-03-23T13:00:10 IST">
  <testcase classname="E_Com.Tests.ErrorValidationsTest" name="loginErrorValidation" time="0.994"/>
  <testcase classname="E_Com.Tests.ErrorValidationsTest" name="productErrorValidation" time="0.0">
    <ignored/>
  </testcase> <!-- productErrorValidation -->
</testsuite> <!-- Error Validation Test -->
