<?xml version="1.0" encoding="UTF-8"?>
<!-- Generated by org.testng.reporters.JUnitXMLReporter -->
<testsuite ignored="4" hostname="QT-INNO-LT1579" failures="0" tests="0" time="0.009" errors="0" timestamp="2023-03-23T13:00:05 IST">
  <testcase classname="E_Com.Tests.SubmitOrderTest" name="submitOrder" time="0.0">
    <ignored/>
  </testcase> <!-- submitOrder -->
  <testcase classname="E_Com.Tests.SubmitOrderTest" name="submitOrderNew" time="0.0">
    <ignored/>
  </testcase> <!-- submitOrderNew -->
  <testcase classname="E_Com.Tests.SubmitOrderTest" name="orderHistoryTest" time="0.0">
    <ignored/>
  </testcase> <!-- orderHistoryTest -->
  <testcase classname="E_Com.Tests.SubmitOrderTest" name="submitOrderWithJsonData" time="0.0">
    <ignored/>
  </testcase> <!-- submitOrderWithJsonData -->
</testsuite>
