<?xml version="1.0" encoding="UTF-8"?>
<!-- Generated by org.testng.reporters.JUnitXMLReporter -->
<testsuite ignored="0" hostname="QT-INNO-LT1579" failures="0" tests="3" name="Default test" time="0.08" errors="0" timestamp="2023-03-24T12:05:01 IST">
  <testcase classname="dataProvider.excelDataProvider.dataProvide" name="testCaseData" time="0.008"/>
  <testcase classname="dataProvider.excelDataProvider.dataProvide" name="testCaseData" time="0.001"/>
  <testcase classname="dataProvider.excelDataProvider.dataProvide" name="testCaseData" time="0.001"/>
</testsuite> <!-- Default test -->
