<?xml version="1.0" encoding="UTF-8"?>
<testng-results ignored="0" total="1" passed="1" failed="0" skipped="0">
  <reporter-output>
  </reporter-output>
  <suite started-at="2023-03-22T14:02:02 IST" name="Default suite" finished-at="2023-03-22T14:02:11 IST" duration-ms="8684">
    <groups>
    </groups>
    <test started-at="2023-03-22T14:02:02 IST" name="Default test" finished-at="2023-03-22T14:02:11 IST" duration-ms="8684">
      <class name="Reports.ExtentReports.ExtentReportDemo">
        <test-method is-config="true" signature="config()[pri:0, instance:Reports.ExtentReports.ExtentReportDemo@1a6d8329]" started-at="2023-03-22T14:02:02 IST" name="config" finished-at="2023-03-22T14:02:02 IST" duration-ms="252" status="PASS">
          <reporter-output>
          </reporter-output>
        </test-method> <!-- config -->
        <test-method signature="initialDemo()[pri:0, instance:Reports.ExtentReports.ExtentReportDemo@1a6d8329]" started-at="2023-03-22T14:02:02 IST" name="initialDemo" finished-at="2023-03-22T14:02:11 IST" duration-ms="8387" status="PASS">
          <reporter-output>
          </reporter-output>
        </test-method> <!-- initialDemo -->
      </class> <!-- Reports.ExtentReports.ExtentReportDemo -->
    </test> <!-- Default test -->
  </suite> <!-- Default suite -->
</testng-results>
