<?xml version="1.0" encoding="UTF-8"?>
<!-- Generated by org.testng.reporters.JUnitXMLReporter -->
<testsuite ignored="0" hostname="QT-INNO-LT1579" failures="0" tests="9" name="Surefire test" time="179.711" errors="0" timestamp="2023-03-23T12:23:46 IST">
  <testcase classname="E_Com.Tests.ErrorValidationsTest" name="loginErrorValidation" time="0.438"/>
  <testcase classname="E_Com.Tests.ErrorValidationsTest" name="productErrorValidation" time="19.036"/>
  <testcase classname="E_Com.Tests.SubmitOrderTest" name="submitOrder" time="24.408"/>
  <testcase classname="E_Com.Tests.SubmitOrderTest" name="submitOrder" time="24.575"/>
  <testcase classname="E_Com.Tests.SubmitOrderTest" name="submitOrderNew" time="20.071"/>
  <testcase classname="E_Com.Tests.SubmitOrderTest" name="submitOrderNew" time="24.692"/>
  <testcase classname="E_Com.Tests.SubmitOrderTest" name="submitOrderWithJsonData" time="20.176"/>
  <testcase classname="E_Com.Tests.SubmitOrderTest" name="submitOrderWithJsonData" time="19.641"/>
  <testcase classname="E_Com.Tests.SubmitOrderTest" name="orderHistoryTest" time="0.715"/>
</testsuite> <!-- Surefire test -->
