<?xml version="1.0" encoding="UTF-8"?>
<testng-results ignored="0" total="3" passed="3" failed="0" skipped="0">
  <reporter-output>
  </reporter-output>
  <suite started-at="2023-03-24T12:05:01 IST" name="Default suite" finished-at="2023-03-24T12:05:01 IST" duration-ms="80">
    <groups>
    </groups>
    <test started-at="2023-03-24T12:05:01 IST" name="Default test" finished-at="2023-03-24T12:05:01 IST" duration-ms="80">
      <class name="dataProvider.excelDataProvider.dataProvide">
        <test-method signature="testCaseData(java.lang.String,java.lang.String,int)[pri:0, instance:dataProvider.excelDataProvider.dataProvide@1e1a0406]" started-at="2023-03-24T12:05:01 IST" name="testCaseData" data-provider="driveTest" finished-at="2023-03-24T12:05:01 IST" duration-ms="8" status="PASS">
          <params>
            <param index="0">
              <value>
                <![CDATA[hello]]>
              </value>
            </param>
            <param index="1">
              <value>
                <![CDATA[java]]>
              </value>
            </param>
            <param index="2">
              <value>
                <![CDATA[101]]>
              </value>
            </param>
          </params>
          <reporter-output>
          </reporter-output>
        </test-method> <!-- testCaseData -->
        <test-method signature="testCaseData(java.lang.String,java.lang.String,int)[pri:0, instance:dataProvider.excelDataProvider.dataProvide@1e1a0406]" started-at="2023-03-24T12:05:01 IST" name="testCaseData" data-provider="driveTest" finished-at="2023-03-24T12:05:01 IST" duration-ms="1" status="PASS">
          <params>
            <param index="0">
              <value>
                <![CDATA[hi]]>
              </value>
            </param>
            <param index="1">
              <value>
                <![CDATA[ruby]]>
              </value>
            </param>
            <param index="2">
              <value>
                <![CDATA[900]]>
              </value>
            </param>
          </params>
          <reporter-output>
          </reporter-output>
        </test-method> <!-- testCaseData -->
        <test-method signature="testCaseData(java.lang.String,java.lang.String,int)[pri:0, instance:dataProvider.excelDataProvider.dataProvide@1e1a0406]" started-at="2023-03-24T12:05:01 IST" name="testCaseData" data-provider="driveTest" finished-at="2023-03-24T12:05:01 IST" duration-ms="1" status="PASS">
          <params>
            <param index="0">
              <value>
                <![CDATA[bye]]>
              </value>
            </param>
            <param index="1">
              <value>
                <![CDATA[c]]>
              </value>
            </param>
            <param index="2">
              <value>
                <![CDATA[800]]>
              </value>
            </param>
          </params>
          <reporter-output>
          </reporter-output>
        </test-method> <!-- testCaseData -->
      </class> <!-- dataProvider.excelDataProvider.dataProvide -->
    </test> <!-- Default test -->
  </suite> <!-- Default suite -->
</testng-results>
