<?xml version="1.0" encoding="UTF-8"?>
<testng-results ignored="5" total="6" passed="1" failed="0" skipped="0">
  <reporter-output>
  </reporter-output>
  <suite started-at="2023-03-23T13:00:05 IST" name="Suite" finished-at="2023-03-23T13:00:10 IST" duration-ms="4659">
    <groups>
      <group name="ErrorHandling">
        <method signature="ErrorValidationsTest.loginErrorValidation()[pri:0, instance:E_Com.Tests.ErrorValidationsTest@74f0ea28]" name="loginErrorValidation" class="E_Com.Tests.ErrorValidationsTest"/>
      </group> <!-- ErrorHandling -->
    </groups>
    <test started-at="2023-03-23T13:00:05 IST" name="Submit Order Test" finished-at="2023-03-23T13:00:05 IST" duration-ms="9">
    </test> <!-- Submit Order Test -->
    <test started-at="2023-03-23T13:00:05 IST" name="Error Validation Test" finished-at="2023-03-23T13:00:10 IST" duration-ms="4659">
      <class name="E_Com.Tests.ErrorValidationsTest">
        <test-method is-config="true" signature="launchApplication()[pri:0, instance:E_Com.Tests.ErrorValidationsTest@74f0ea28]" started-at="2023-03-23T13:00:05 IST" name="launchApplication" finished-at="2023-03-23T13:00:09 IST" duration-ms="3466" status="PASS">
          <reporter-output>
          </reporter-output>
        </test-method> <!-- launchApplication -->
        <test-method signature="loginErrorValidation()[pri:0, instance:E_Com.Tests.ErrorValidationsTest@74f0ea28]" started-at="2023-03-23T13:00:09 IST" name="loginErrorValidation" finished-at="2023-03-23T13:00:10 IST" duration-ms="994" status="PASS">
          <reporter-output>
          </reporter-output>
        </test-method> <!-- loginErrorValidation -->
        <test-method is-config="true" signature="tearDown()[pri:0, instance:E_Com.Tests.ErrorValidationsTest@74f0ea28]" started-at="2023-03-23T13:00:10 IST" name="tearDown" finished-at="2023-03-23T13:00:10 IST" duration-ms="151" status="PASS">
          <reporter-output>
          </reporter-output>
        </test-method> <!-- tearDown -->
      </class> <!-- E_Com.Tests.ErrorValidationsTest -->
    </test> <!-- Error Validation Test -->
  </suite> <!-- Suite -->
</testng-results>
